<?xml version="1.0" encoding="utf-8"?>
<coverage line-rate="0.8870999999999999" branch-rate="0.7918999999999999" version="1.9" timestamp="1782660680" lines-covered="3144" lines-valid="3544" branches-covered="1077" branches-valid="1360">
  <sources>
    <source>C:\work\philterd\code\PhilterDesktop\PhilterDesktop\</source>
  </sources>
  <packages>
    <package name="PhilterDesktop" line-rate="0.8870999999999999" branch-rate="0.7918999999999999" complexity="1533">
      <classes>
        <class name="PhilterData.ContextEntryRepository" filename="Data\ContextEntryRepository.cs" line-rate="1" branch-rate="1" complexity="5">
          <methods>
            <method name="ConfigureIndexes" signature="()" line-rate="1" branch-rate="1" complexity="1">
              <lines>
                <line number="33" hits="3" branch="False" />
                <line number="35" hits="3" branch="False" />
                <line number="38" hits="3" branch="False" />
                <line number="39" hits="3" branch="False" />
              </lines>
            </method>
            <method name="FindByContext" signature="(System.String)" line-rate="1" branch-rate="1" complexity="1">
              <lines>
                <line number="45" hits="1" branch="False" />
                <line number="46" hits="1" branch="False" />
                <line number="47" hits="1" branch="False" />
                <line number="48" hits="1" branch="False" />
              </lines>
            </method>
            <method name="DeleteAllByContext" signature="(System.String)" line-rate="1" branch-rate="1" complexity="1">
              <lines>
                <line number="56" hits="1" branch="False" />
                <line number="57" hits="1" branch="False" />
                <line number="58" hits="1" branch="False" />
                <line number="59" hits="1" branch="False" />
              </lines>
            </method>
            <method name="CountByContext" signature="(System.String)" line-rate="1" branch-rate="1" complexity="1">
              <lines>
                <line number="65" hits="3" branch="False" />
                <line number="66" hits="3" branch="False" />
                <line number="67" hits="3" branch="False" />
                <line number="68" hits="3" branch="False" />
              </lines>
            </method>
            <method name=".ctor" signature="(LiteDB.LiteDatabase)" line-rate="1" branch-rate="1" complexity="1">
              <lines>
                <line number="28" hits="3" branch="False" />
                <line number="29" hits="3" branch="False" />
                <line number="30" hits="3" branch="False" />
              </lines>
            </method>
          </methods>
          <lines>
            <line number="33" hits="3" branch="False" />
            <line number="35" hits="3" branch="False" />
            <line number="38" hits="3" branch="False" />
            <line number="39" hits="3" branch="False" />
            <line number="45" hits="1" branch="False" />
            <line number="46" hits="1" branch="False" />
            <line number="47" hits="1" branch="False" />
            <line number="48" hits="1" branch="False" />
            <line number="56" hits="1" branch="False" />
            <line number="57" hits="1" branch="False" />
            <line number="58" hits="1" branch="False" />
            <line number="59" hits="1" branch="False" />
            <line number="65" hits="3" branch="False" />
            <line number="66" hits="3" branch="False" />
            <line number="67" hits="3" branch="False" />
            <line number="68" hits="3" branch="False" />
            <line number="28" hits="3" branch="False" />
            <line number="29" hits="3" branch="False" />
            <line number="30" hits="3" branch="False" />
          </lines>
        </class>
        <class name="PhilterData.ContextRepository" filename="Data\ContextRespository.cs" line-rate="0.7857" branch-rate="1" complexity="4">
          <methods>
            <method name="ConfigureIndexes" signature="()" line-rate="1" branch-rate="1" complexity="1">
              <lines>
                <line number="33" hits="12" branch="False" />
                <line number="35" hits="12" branch="False" />
                <line number="38" hits="12" branch="False" />
                <line number="39" hits="12" branch="False" />
              </lines>
            </method>
            <method name="FindByName" signature="(System.String)" line-rate="1" branch-rate="1" complexity="1">
              <lines>
                <line number="45" hits="3" branch="False" />
                <line number="46" hits="3" branch="False" />
                <line number="47" hits="3" branch="False" />
                <line number="48" hits="3" branch="False" />
              </lines>
            </method>
            <method name="GetAllOrderedByDate" signature="()" line-rate="0" branch-rate="1" complexity="1">
              <lines>
                <line number="54" hits="0" branch="False" />
                <line number="55" hits="0" branch="False" />
                <line number="56" hits="0" branch="False" />
              </lines>
            </method>
            <method name=".ctor" signature="(LiteDB.LiteDatabase)" line-rate="1" branch-rate="1" complexity="1">
              <lines>
                <line number="28" hits="12" branch="False" />
                <line number="29" hits="12" branch="False" />
                <line number="30" hits="12" branch="False" />
              </lines>
            </method>
          </methods>
          <lines>
            <line number="33" hits="12" branch="False" />
            <line number="35" hits="12" branch="False" />
            <line number="38" hits="12" branch="False" />
            <line number="39" hits="12" branch="False" />
            <line number="45" hits="3" branch="False" />
            <line number="46" hits="3" branch="False" />
            <line number="47" hits="3" branch="False" />
            <line number="48" hits="3" branch="False" />
            <line number="54" hits="0" branch="False" />
            <line number="55" hits="0" branch="False" />
            <line number="56" hits="0" branch="False" />
            <line number="28" hits="12" branch="False" />
            <line number="29" hits="12" branch="False" />
            <line number="30" hits="12" branch="False" />
          </lines>
        </class>
        <class name="PhilterData.LiteDbRepository`1" filename="Data\LiteDbRepository.cs" line-rate="0.836" branch-rate="0.5" complexity="22">
          <methods>
            <method name="ConfigureIndexes" signature="()" line-rate="1" branch-rate="1" complexity="1">
              <lines>
                <line number="72" hits="17" branch="False" />
                <line number="74" hits="17" branch="False" />
              </lines>
            </method>
            <method name="Insert" signature="(T)" line-rate="1" branch-rate="1" complexity="1">
              <lines>
                <line number="80" hits="819" branch="False" />
                <line number="81" hits="819" branch="False" />
                <line number="82" hits="818" branch="False" />
                <line number="83" hits="818" branch="False" />
              </lines>
            </method>
            <method name="InsertBulk" signature="(System.Collections.Generic.IEnumerable`1&lt;T&gt;)" line-rate="1" branch-rate="1" complexity="1">
              <lines>
                <line number="88" hits="2" branch="False" />
                <line number="89" hits="2" branch="False" />
                <line number="90" hits="2" branch="False" />
                <line number="91" hits="2" branch="False" />
              </lines>
            </method>
            <method name="GetById" signature="(LiteDB.BsonValue)" line-rate="1" branch-rate="1" complexity="1">
              <lines>
                <line number="96" hits="7" branch="False" />
              </lines>
            </method>
            <method name="GetAll" signature="()" line-rate="1" branch-rate="1" complexity="1">
              <lines>
                <line number="99" hits="10" branch="False" />
              </lines>
            </method>
            <method name="Find" signature="(System.Linq.Expressions.Expression`1&lt;System.Func`2&lt;T,System.Boolean&gt;&gt;)" line-rate="1" branch-rate="1" complexity="1">
              <lines>
                <line number="103" hits="26" branch="False" />
                <line number="104" hits="26" branch="False" />
                <line number="105" hits="26" branch="False" />
                <line number="106" hits="26" branch="False" />
              </lines>
            </method>
            <method name="FindOne" signature="(System.Linq.Expressions.Expression`1&lt;System.Func`2&lt;T,System.Boolean&gt;&gt;)" line-rate="1" branch-rate="1" complexity="1">
              <lines>
                <line number="110" hits="33" branch="False" />
                <line number="111" hits="33" branch="False" />
                <line number="112" hits="33" branch="False" />
                <line number="113" hits="33" branch="False" />
              </lines>
            </method>
            <method name="Count" signature="()" line-rate="1" branch-rate="1" complexity="1">
              <lines>
                <line number="116" hits="9" branch="False" />
              </lines>
            </method>
            <method name="Update" signature="(T)" line-rate="1" branch-rate="1" complexity="1">
              <lines>
                <line number="125" hits="6" branch="False" />
                <line number="126" hits="6" branch="False" />
                <line number="127" hits="6" branch="False" />
                <line number="128" hits="6" branch="False" />
              </lines>
            </method>
            <method name="Upsert" signature="(T)" line-rate="1" branch-rate="1" complexity="1">
              <lines>
                <line number="135" hits="1" branch="False" />
                <line number="136" hits="1" branch="False" />
                <line number="137" hits="1" branch="False" />
                <line number="138" hits="1" branch="False" />
              </lines>
            </method>
            <method name="Delete" signature="(LiteDB.BsonValue)" line-rate="1" branch-rate="1" complexity="1">
              <lines>
                <line number="146" hits="2" branch="False" />
              </lines>
            </method>
            <method name="DeleteWhere" signature="(System.Linq.Expressions.Expression`1&lt;System.Func`2&lt;T,System.Boolean&gt;&gt;)" line-rate="1" branch-rate="1" complexity="1">
              <lines>
                <line number="151" hits="8" branch="False" />
                <line number="152" hits="8" branch="False" />
                <line number="153" hits="8" branch="False" />
                <line number="154" hits="8" branch="False" />
              </lines>
            </method>
            <method name="DeleteAll" signature="()" line-rate="1" branch-rate="1" complexity="1">
              <lines>
                <line number="158" hits="2" branch="False" />
              </lines>
            </method>
            <method name="EnsureIndex" signature="(System.Linq.Expressions.Expression`1&lt;System.Func`2&lt;T,System.Object&gt;&gt;,System.Boolean)" line-rate="1" branch-rate="1" complexity="1">
              <lines>
                <line number="168" hits="147" branch="False" />
                <line number="169" hits="147" branch="False" />
                <line number="170" hits="147" branch="False" />
                <line number="171" hits="147" branch="False" />
              </lines>
            </method>
            <method name="Dispose" signature="()" line-rate="0.625" branch-rate="0.75" complexity="4">
              <lines>
                <line number="176" hits="1" branch="False" />
                <line number="177" hits="1" branch="True" condition-coverage="100% (2/2)">
                  <conditions>
                    <condition number="9" type="jump" coverage="100%" />
                  </conditions>
                </line>
                <line number="180" hits="1" branch="True" condition-coverage="50% (1/2)">
                  <conditions>
                    <condition number="21" type="jump" coverage="50%" />
                  </conditions>
                </line>
                <line number="181" hits="0" branch="False" />
                <line number="182" hits="0" branch="False" />
                <line number="183" hits="0" branch="False" />
                <line number="185" hits="1" branch="False" />
                <line number="186" hits="1" branch="False" />
              </lines>
            </method>
            <method name=".ctor" signature="(LiteDB.LiteDatabase,System.String)" line-rate="1" branch-rate="0.5" complexity="2">
              <lines>
                <line number="42" hits="105" branch="False" />
                <line number="43" hits="105" branch="False" />
                <line number="45" hits="105" branch="False" />
                <line number="46" hits="105" branch="False" />
                <line number="47" hits="105" branch="True" condition-coverage="50% (1/2)">
                  <conditions>
                    <condition number="43" type="jump" coverage="50%" />
                  </conditions>
                </line>
                <line number="48" hits="105" branch="False" />
                <line number="49" hits="105" branch="False" />
              </lines>
            </method>
            <method name=".ctor" signature="(System.String,System.String)" line-rate="0" branch-rate="0" complexity="2">
              <lines>
                <line number="59" hits="0" branch="False" />
                <line number="60" hits="0" branch="False" />
                <line number="62" hits="0" branch="False" />
                <line number="63" hits="0" branch="False" />
                <line number="64" hits="0" branch="True" condition-coverage="0% (0/2)">
                  <conditions>
                    <condition number="64" type="jump" coverage="0%" />
                  </conditions>
                </line>
                <line number="65" hits="0" branch="False" />
                <line number="66" hits="0" branch="False" />
              </lines>
            </method>
          </methods>
          <lines>
            <line number="72" hits="17" branch="False" />
            <line number="74" hits="17" branch="False" />
            <line number="80" hits="819" branch="False" />
            <line number="81" hits="819" branch="False" />
            <line number="82" hits="818" branch="False" />
            <line number="83" hits="818" branch="False" />
            <line number="88" hits="2" branch="False" />
            <line number="89" hits="2" branch="False" />
            <line number="90" hits="2" branch="False" />
            <line number="91" hits="2" branch="False" />
            <line number="96" hits="7" branch="False" />
            <line number="99" hits="10" branch="False" />
            <line number="103" hits="26" branch="False" />
            <line number="104" hits="26" branch="False" />
            <line number="105" hits="26" branch="False" />
            <line number="106" hits="26" branch="False" />
            <line number="110" hits="33" branch="False" />
            <line number="111" hits="33" branch="False" />
            <line number="112" hits="33" branch="False" />
            <line number="113" hits="33" branch="False" />
            <line number="116" hits="9" branch="False" />
            <line number="125" hits="6" branch="False" />
            <line number="126" hits="6" branch="False" />
            <line number="127" hits="6" branch="False" />
            <line number="128" hits="6" branch="False" />
            <line number="135" hits="1" branch="False" />
            <line number="136" hits="1" branch="False" />
            <line number="137" hits="1" branch="False" />
            <line number="138" hits="1" branch="False" />
            <line number="146" hits="2" branch="False" />
            <line number="151" hits="8" branch="False" />
            <line number="152" hits="8" branch="False" />
            <line number="153" hits="8" branch="False" />
            <line number="154" hits="8" branch="False" />
            <line number="158" hits="2" branch="False" />
            <line number="168" hits="147" branch="False" />
            <line number="169" hits="147" branch="False" />
            <line number="170" hits="147" branch="False" />
            <line number="171" hits="147" branch="False" />
            <line number="176" hits="1" branch="False" />
            <line number="177" hits="1" branch="True" condition-coverage="100% (2/2)">
              <conditions>
                <condition number="9" type="jump" coverage="100%" />
              </conditions>
            </line>
            <line number="180" hits="1" branch="True" condition-coverage="50% (1/2)">
              <conditions>
                <condition number="21" type="jump" coverage="50%" />
              </conditions>
            </line>
            <line number="181" hits="0" branch="False" />
            <line number="182" hits="0" branch="False" />
            <line number="183" hits="0" branch="False" />
            <line number="185" hits="1" branch="False" />
            <line number="186" hits="1" branch="False" />
            <line number="42" hits="105" branch="False" />
            <line number="43" hits="105" branch="False" />
            <line number="45" hits="105" branch="False" />
            <line number="46" hits="105" branch="False" />
            <line number="47" hits="105" branch="True" condition-coverage="50% (1/2)">
              <conditions>
                <condition number="43" type="jump" coverage="50%" />
              </conditions>
            </line>
            <line number="48" hits="105" branch="False" />
            <line number="49" hits="105" branch="False" />
            <line number="59" hits="0" branch="False" />
            <line number="60" hits="0" branch="False" />
            <line number="62" hits="0" branch="False" />
            <line number="63" hits="0" branch="False" />
            <line number="64" hits="0" branch="True" condition-coverage="0% (0/2)">
              <conditions>
                <condition number="64" type="jump" coverage="0%" />
              </conditions>
            </line>
            <line number="65" hits="0" branch="False" />
            <line number="66" hits="0" branch="False" />
          </lines>
        </class>
        <class name="PhilterData.PolicyRepository" filename="Data\PolicyRepository.cs" line-rate="0.7857" branch-rate="1" complexity="4">
          <methods>
            <method name="ConfigureIndexes" signature="()" line-rate="1" branch-rate="1" complexity="1">
              <lines>
                <line number="33" hits="44" branch="False" />
                <line number="35" hits="44" branch="False" />
                <line number="38" hits="44" branch="False" />
                <line number="39" hits="44" branch="False" />
              </lines>
            </method>
            <method name="FindByName" signature="(System.String)" line-rate="1" branch-rate="1" complexity="1">
              <lines>
                <line number="45" hits="31" branch="False" />
                <line number="46" hits="31" branch="False" />
                <line number="47" hits="30" branch="False" />
                <line number="48" hits="30" branch="False" />
              </lines>
            </method>
            <method name="GetAllOrderedByDate" signature="()" line-rate="0" branch-rate="1" complexity="1">
              <lines>
                <line number="54" hits="0" branch="False" />
                <line number="55" hits="0" branch="False" />
                <line number="56" hits="0" branch="False" />
              </lines>
            </method>
            <method name=".ctor" signature="(LiteDB.LiteDatabase)" line-rate="1" branch-rate="1" complexity="1">
              <lines>
                <line number="28" hits="44" branch="False" />
                <line number="29" hits="44" branch="False" />
                <line number="30" hits="44" branch="False" />
              </lines>
            </method>
          </methods>
          <lines>
            <line number="33" hits="44" branch="False" />
            <line number="35" hits="44" branch="False" />
            <line number="38" hits="44" branch="False" />
            <line number="39" hits="44" branch="False" />
            <line number="45" hits="31" branch="False" />
            <line number="46" hits="31" branch="False" />
            <line number="47" hits="30" branch="False" />
            <line number="48" hits="30" branch="False" />
            <line number="54" hits="0" branch="False" />
            <line number="55" hits="0" branch="False" />
            <line number="56" hits="0" branch="False" />
            <line number="28" hits="44" branch="False" />
            <line number="29" hits="44" branch="False" />
            <line number="30" hits="44" branch="False" />
          </lines>
        </class>
        <class name="PhilterData.RedactionQueueRepository" filename="Data\RedactionQueueRepository.cs" line-rate="0.5" branch-rate="1" complexity="2">
          <methods>
            <method name=".ctor" signature="(LiteDB.LiteDatabase)" line-rate="1" branch-rate="1" complexity="1">
              <lines>
                <line number="30" hits="9" branch="False" />
                <line number="31" hits="9" branch="False" />
                <line number="32" hits="9" branch="False" />
              </lines>
            </method>
            <method name=".ctor" signature="(System.String)" line-rate="0" branch-rate="1" complexity="1">
              <lines>
                <line number="38" hits="0" branch="False" />
                <line number="39" hits="0" branch="False" />
                <line number="40" hits="0" branch="False" />
              </lines>
            </method>
          </methods>
          <lines>
            <line number="30" hits="9" branch="False" />
            <line number="31" hits="9" branch="False" />
            <line number="32" hits="9" branch="False" />
            <line number="38" hits="0" branch="False" />
            <line number="39" hits="0" branch="False" />
            <line number="40" hits="0" branch="False" />
          </lines>
        </class>
        <class name="PhilterData.RedactionSpanRepository" filename="Data\RedactionSpanRepository.cs" line-rate="0.7692" branch-rate="1" complexity="5">
          <methods>
            <method name="ConfigureIndexes" signature="()" line-rate="1" branch-rate="1" complexity="1">
              <lines>
                <line number="33" hits="4" branch="False" />
                <line number="34" hits="4" branch="False" />
                <line number="35" hits="4" branch="False" />
              </lines>
            </method>
            <method name="GetForVersion" signature="(LiteDB.ObjectId)" line-rate="1" branch-rate="1" complexity="1">
              <lines>
                <line number="39" hits="3" branch="False" />
                <line number="40" hits="3" branch="False" />
                <line number="41" hits="3" branch="False" />
              </lines>
            </method>
            <method name="DeleteForVersion" signature="(LiteDB.ObjectId)" line-rate="1" branch-rate="1" complexity="1">
              <lines>
                <line number="44" hits="1" branch="False" />
              </lines>
            </method>
            <method name=".ctor" signature="(LiteDB.LiteDatabase)" line-rate="1" branch-rate="1" complexity="1">
              <lines>
                <line number="24" hits="4" branch="False" />
                <line number="25" hits="4" branch="False" />
                <line number="26" hits="4" branch="False" />
              </lines>
            </method>
            <method name=".ctor" signature="(System.String)" line-rate="0" branch-rate="1" complexity="1">
              <lines>
                <line number="28" hits="0" branch="False" />
                <line number="29" hits="0" branch="False" />
                <line number="30" hits="0" branch="False" />
              </lines>
            </method>
          </methods>
          <lines>
            <line number="33" hits="4" branch="False" />
            <line number="34" hits="4" branch="False" />
            <line number="35" hits="4" branch="False" />
            <line number="39" hits="3" branch="False" />
            <line number="40" hits="3" branch="False" />
            <line number="41" hits="3" branch="False" />
            <line number="44" hits="1" branch="False" />
            <line number="24" hits="4" branch="False" />
            <line number="25" hits="4" branch="False" />
            <line number="26" hits="4" branch="False" />
            <line number="28" hits="0" branch="False" />
            <line number="29" hits="0" branch="False" />
            <line number="30" hits="0" branch="False" />
          </lines>
        </class>
        <class name="PhilterData.RedactionVersionRepository" filename="Data\RedactionVersionRepository.cs" line-rate="0.7646999999999999" branch-rate="1" complexity="7">
          <methods>
            <method name="ConfigureIndexes" signature="()" line-rate="1" branch-rate="1" complexity="1">
              <lines>
                <line number="33" hits="4" branch="False" />
                <line number="34" hits="4" branch="False" />
                <line number="35" hits="4" branch="False" />
              </lines>
            </method>
            <method name="GetForDocument" signature="(LiteDB.ObjectId)" line-rate="1" branch-rate="1" complexity="1">
              <lines>
                <line number="39" hits="3" branch="False" />
                <line number="40" hits="3" branch="False" />
                <line number="41" hits="3" branch="False" />
              </lines>
            </method>
            <method name="NextVersionNumber" signature="(LiteDB.ObjectId)" line-rate="1" branch-rate="1" complexity="2">
              <lines>
                <line number="45" hits="2" branch="False" />
                <line number="46" hits="2" branch="False" />
                <line number="47" hits="2" branch="True" condition-coverage="100% (2/2)">
                  <conditions>
                    <condition number="141" type="jump" coverage="100%" />
                  </conditions>
                </line>
                <line number="48" hits="2" branch="False" />
              </lines>
            </method>
            <method name="DeleteForDocument" signature="(LiteDB.ObjectId)" line-rate="0" branch-rate="1" complexity="1">
              <lines>
                <line number="51" hits="0" branch="False" />
              </lines>
            </method>
            <method name=".ctor" signature="(LiteDB.LiteDatabase)" line-rate="1" branch-rate="1" complexity="1">
              <lines>
                <line number="24" hits="4" branch="False" />
                <line number="25" hits="4" branch="False" />
                <line number="26" hits="4" branch="False" />
              </lines>
            </method>
            <method name=".ctor" signature="(System.String)" line-rate="0" branch-rate="1" complexity="1">
              <lines>
                <line number="28" hits="0" branch="False" />
                <line number="29" hits="0" branch="False" />
                <line number="30" hits="0" branch="False" />
              </lines>
            </method>
          </methods>
          <lines>
            <line number="33" hits="4" branch="False" />
            <line number="34" hits="4" branch="False" />
            <line number="35" hits="4" branch="False" />
            <line number="39" hits="3" branch="False" />
            <line number="40" hits="3" branch="False" />
            <line number="41" hits="3" branch="False" />
            <line number="45" hits="2" branch="False" />
            <line number="46" hits="2" branch="False" />
            <line number="47" hits="2" branch="True" condition-coverage="100% (2/2)">
              <conditions>
                <condition number="141" type="jump" coverage="100%" />
              </conditions>
            </line>
            <line number="48" hits="2" branch="False" />
            <line number="51" hits="0" branch="False" />
            <line number="24" hits="4" branch="False" />
            <line number="25" hits="4" branch="False" />
            <line number="26" hits="4" branch="False" />
            <line number="28" hits="0" branch="False" />
            <line number="29" hits="0" branch="False" />
            <line number="30" hits="0" branch="False" />
          </lines>
        </class>
        <class name="PhilterData.SettingsRepository" filename="Data\SettingsRepository.cs" line-rate="0.8887999999999999" branch-rate="1" complexity="5">
          <methods>
            <method name="GetSettings" signature="()" line-rate="1" branch-rate="1" complexity="2">
              <lines>
                <line number="47" hits="5" branch="False" />
                <line number="49" hits="5" branch="False" />
                <line number="51" hits="5" branch="True" condition-coverage="100% (2/2)">
                  <conditions>
                    <condition number="20" type="jump" coverage="100%" />
                  </conditions>
                </line>
                <line number="52" hits="2" branch="False" />
                <line number="54" hits="2" branch="False" />
                <line number="55" hits="2" branch="False" />
                <line number="56" hits="2" branch="False" />
                <line number="57" hits="2" branch="False" />
                <line number="58" hits="2" branch="False" />
                <line number="59" hits="2" branch="False" />
                <line number="60" hits="2" branch="False" />
                <line number="61" hits="2" branch="False" />
                <line number="62" hits="2" branch="False" />
                <line number="64" hits="5" branch="False" />
                <line number="65" hits="5" branch="False" />
              </lines>
            </method>
            <method name="SaveSettings" signature="(PhilterData.SettingsEntity)" line-rate="1" branch-rate="1" complexity="1">
              <lines>
                <line number="72" hits="1" branch="False" />
                <line number="73" hits="1" branch="False" />
                <line number="75" hits="1" branch="False" />
                <line number="76" hits="1" branch="False" />
                <line number="77" hits="1" branch="False" />
                <line number="78" hits="1" branch="False" />
              </lines>
            </method>
            <method name=".ctor" signature="(LiteDB.LiteDatabase)" line-rate="1" branch-rate="1" complexity="1">
              <lines>
                <line number="30" hits="5" branch="False" />
                <line number="31" hits="5" branch="False" />
                <line number="32" hits="5" branch="False" />
              </lines>
            </method>
            <method name=".ctor" signature="(System.String)" line-rate="0" branch-rate="1" complexity="1">
              <lines>
                <line number="38" hits="0" branch="False" />
                <line number="39" hits="0" branch="False" />
                <line number="40" hits="0" branch="False" />
              </lines>
            </method>
          </methods>
          <lines>
            <line number="47" hits="5" branch="False" />
            <line number="49" hits="5" branch="False" />
            <line number="51" hits="5" branch="True" condition-coverage="100% (2/2)">
              <conditions>
                <condition number="20" type="jump" coverage="100%" />
              </conditions>
            </line>
            <line number="52" hits="2" branch="False" />
            <line number="54" hits="2" branch="False" />
            <line number="55" hits="2" branch="False" />
            <line number="56" hits="2" branch="False" />
            <line number="57" hits="2" branch="False" />
            <line number="58" hits="2" branch="False" />
            <line number="59" hits="2" branch="False" />
            <line number="60" hits="2" branch="False" />
            <line number="61" hits="2" branch="False" />
            <line number="62" hits="2" branch="False" />
            <line number="64" hits="5" branch="False" />
            <line number="65" hits="5" branch="False" />
            <line number="72" hits="1" branch="False" />
            <line number="73" hits="1" branch="False" />
            <line number="75" hits="1" branch="False" />
            <line number="76" hits="1" branch="False" />
            <line number="77" hits="1" branch="False" />
            <line number="78" hits="1" branch="False" />
            <line number="30" hits="5" branch="False" />
            <line number="31" hits="5" branch="False" />
            <line number="32" hits="5" branch="False" />
            <line number="38" hits="0" branch="False" />
            <line number="39" hits="0" branch="False" />
            <line number="40" hits="0" branch="False" />
          </lines>
        </class>
        <class name="PhilterData.WatchedFolderLogRepository" filename="Data\WatchedFolderLogRepository.cs" line-rate="0.88" branch-rate="1" complexity="8">
          <methods>
            <method name="ConfigureIndexes" signature="()" line-rate="1" branch-rate="1" complexity="1">
              <lines>
                <line number="39" hits="21" branch="False" />
                <line number="40" hits="21" branch="False" />
                <line number="41" hits="21" branch="False" />
              </lines>
            </method>
            <method name="GetForFolder" signature="(LiteDB.ObjectId)" line-rate="1" branch-rate="1" complexity="1">
              <lines>
                <line number="45" hits="10" branch="False" />
                <line number="46" hits="10" branch="False" />
                <line number="47" hits="10" branch="False" />
                <line number="48" hits="10" branch="False" />
              </lines>
            </method>
            <method name="DeleteForFolder" signature="(LiteDB.ObjectId)" line-rate="1" branch-rate="1" complexity="1">
              <lines>
                <line number="52" hits="1" branch="False" />
              </lines>
            </method>
            <method name="DeleteOlderThan" signature="(System.DateTime)" line-rate="1" branch-rate="1" complexity="1">
              <lines>
                <line number="56" hits="3" branch="False" />
              </lines>
            </method>
            <method name="PruneOldEntries" signature="()" line-rate="1" branch-rate="1" complexity="1">
              <lines>
                <line number="60" hits="2" branch="False" />
              </lines>
            </method>
            <method name="Append" signature="(LiteDB.ObjectId,System.String,System.String)" line-rate="1" branch-rate="1" complexity="1">
              <lines>
                <line number="64" hits="759" branch="False" />
                <line number="65" hits="759" branch="False" />
                <line number="66" hits="759" branch="False" />
                <line number="67" hits="759" branch="False" />
                <line number="68" hits="759" branch="False" />
                <line number="69" hits="759" branch="False" />
                <line number="70" hits="759" branch="False" />
                <line number="71" hits="759" branch="False" />
                <line number="72" hits="759" branch="False" />
              </lines>
            </method>
            <method name=".ctor" signature="(LiteDB.LiteDatabase)" line-rate="1" branch-rate="1" complexity="1">
              <lines>
                <line number="30" hits="21" branch="False" />
                <line number="31" hits="21" branch="False" />
                <line number="32" hits="21" branch="False" />
              </lines>
            </method>
            <method name=".ctor" signature="(System.String)" line-rate="0" branch-rate="1" complexity="1">
              <lines>
                <line number="34" hits="0" branch="False" />
                <line number="35" hits="0" branch="False" />
                <line number="36" hits="0" branch="False" />
              </lines>
            </method>
          </methods>
          <lines>
            <line number="39" hits="21" branch="False" />
            <line number="40" hits="21" branch="False" />
            <line number="41" hits="21" branch="False" />
            <line number="45" hits="10" branch="False" />
            <line number="46" hits="10" branch="False" />
            <line number="47" hits="10" branch="False" />
            <line number="48" hits="10" branch="False" />
            <line number="52" hits="1" branch="False" />
            <line number="56" hits="3" branch="False" />
            <line number="60" hits="2" branch="False" />
            <line number="64" hits="759" branch="False" />
            <line number="65" hits="759" branch="False" />
            <line number="66" hits="759" branch="False" />
            <line number="67" hits="759" branch="False" />
            <line number="68" hits="759" branch="False" />
            <line number="69" hits="759" branch="False" />
            <line number="70" hits="759" branch="False" />
            <line number="71" hits="759" branch="False" />
            <line number="72" hits="759" branch="False" />
            <line number="30" hits="21" branch="False" />
            <line number="31" hits="21" branch="False" />
            <line number="32" hits="21" branch="False" />
            <line number="34" hits="0" branch="False" />
            <line number="35" hits="0" branch="False" />
            <line number="36" hits="0" branch="False" />
          </lines>
        </class>
        <class name="PhilterData.WatchedFolderRepository" filename="Data\WatchedFolderRepository.cs" line-rate="0.5" branch-rate="1" complexity="2">
          <methods>
            <method name=".ctor" signature="(LiteDB.LiteDatabase)" line-rate="1" branch-rate="1" complexity="1">
              <lines>
                <line number="30" hits="3" branch="False" />
                <line number="31" hits="3" branch="False" />
                <line number="32" hits="3" branch="False" />
              </lines>
            </method>
            <method name=".ctor" signature="(System.String)" line-rate="0" branch-rate="1" complexity="1">
              <lines>
                <line number="38" hits="0" branch="False" />
                <line number="39" hits="0" branch="False" />
                <line number="40" hits="0" branch="False" />
              </lines>
            </method>
          </methods>
          <lines>
            <line number="30" hits="3" branch="False" />
            <line number="31" hits="3" branch="False" />
            <line number="32" hits="3" branch="False" />
            <line number="38" hits="0" branch="False" />
            <line number="39" hits="0" branch="False" />
            <line number="40" hits="0" branch="False" />
          </lines>
        </class>
        <class name="PhilterDesktop.ComboSelection" filename="ComboSelection.cs" line-rate="0.6570999999999999" branch-rate="0.6" complexity="20">
          <methods>
            <method name="ResolveIndex" signature="(System.Collections.Generic.IReadOnlyList`1&lt;System.String&gt;,System.String)" line-rate="1" branch-rate="1" complexity="8">
              <lines>
                <line number="30" hits="7" branch="False" />
                <line number="31" hits="7" branch="True" condition-coverage="100% (2/2)">
                  <conditions>
                    <condition number="12" type="jump" coverage="100%" />
                  </conditions>
                </line>
                <line number="32" hits="1" branch="False" />
                <line number="33" hits="1" branch="False" />
                <line number="35" hits="6" branch="True" condition-coverage="100% (2/2)">
                  <conditions>
                    <condition number="30" type="jump" coverage="100%" />
                  </conditions>
                </line>
                <line number="36" hits="3" branch="False" />
                <line number="37" hits="3" branch="False" />
                <line number="38" hits="3" branch="True" condition-coverage="100% (2/2)">
                  <conditions>
                    <condition number="54" type="jump" coverage="100%" />
                  </conditions>
                </line>
                <line number="39" hits="1" branch="False" />
                <line number="40" hits="1" branch="False" />
                <line number="42" hits="2" branch="False" />
                <line number="43" hits="5" branch="False" />
                <line number="44" hits="5" branch="True" condition-coverage="100% (2/2)">
                  <conditions>
                    <condition number="77" type="jump" coverage="100%" />
                  </conditions>
                </line>
                <line number="45" hits="7" branch="False" />
              </lines>
            </method>
            <method name="Select" signature="(System.Windows.Forms.ComboBox,System.String)" line-rate="0" branch-rate="0" complexity="8">
              <lines>
                <line number="49" hits="0" branch="False" />
                <line number="50" hits="0" branch="False" />
                <line number="51" hits="0" branch="True" condition-coverage="0% (0/2)">
                  <conditions>
                    <condition number="76" type="jump" coverage="0%" />
                  </conditions>
                </line>
                <line number="52" hits="0" branch="False" />
                <line number="53" hits="0" branch="True" condition-coverage="0% (0/4)">
                  <conditions>
                    <condition number="43" type="jump" coverage="0%" />
                    <condition number="55" type="jump" coverage="0%" />
                  </conditions>
                </line>
                <line number="54" hits="0" branch="False" />
                <line number="55" hits="0" branch="False" />
                <line number="56" hits="0" branch="True" condition-coverage="0% (0/2)">
                  <conditions>
                    <condition number="120" type="jump" coverage="0%" />
                  </conditions>
                </line>
                <line number="57" hits="0" branch="False" />
                <line number="58" hits="0" branch="False" />
                <line number="59" hits="0" branch="False" />
                <line number="60" hits="0" branch="False" />
              </lines>
            </method>
            <method name="IndexOf" signature="(System.Collections.Generic.IReadOnlyList`1&lt;System.String&gt;,System.String)" line-rate="1" branch-rate="1" complexity="4">
              <lines>
                <line number="63" hits="8" branch="False" />
                <line number="64" hits="44" branch="True" condition-coverage="100% (2/2)">
                  <conditions>
                    <condition number="45" type="jump" coverage="100%" />
                  </conditions>
                </line>
                <line number="65" hits="19" branch="False" />
                <line number="66" hits="19" branch="True" condition-coverage="100% (2/2)">
                  <conditions>
                    <condition number="22" type="jump" coverage="100%" />
                  </conditions>
                </line>
                <line number="67" hits="5" branch="False" />
                <line number="68" hits="5" branch="False" />
                <line number="70" hits="14" branch="False" />
                <line number="71" hits="3" branch="False" />
                <line number="72" hits="8" branch="False" />
              </lines>
            </method>
          </methods>
          <lines>
            <line number="30" hits="7" branch="False" />
            <line number="31" hits="7" branch="True" condition-coverage="100% (2/2)">
              <conditions>
                <condition number="12" type="jump" coverage="100%" />
              </conditions>
            </line>
            <line number="32" hits="1" branch="False" />
            <line number="33" hits="1" branch="False" />
            <line number="35" hits="6" branch="True" condition-coverage="100% (2/2)">
              <conditions>
                <condition number="30" type="jump" coverage="100%" />
              </conditions>
            </line>
            <line number="36" hits="3" branch="False" />
            <line number="37" hits="3" branch="False" />
            <line number="38" hits="3" branch="True" condition-coverage="100% (2/2)">
              <conditions>
                <condition number="54" type="jump" coverage="100%" />
              </conditions>
            </line>
            <line number="39" hits="1" branch="False" />
            <line number="40" hits="1" branch="False" />
            <line number="42" hits="2" branch="False" />
            <line number="43" hits="5" branch="False" />
            <line number="44" hits="5" branch="True" condition-coverage="100% (2/2)">
              <conditions>
                <condition number="77" type="jump" coverage="100%" />
              </conditions>
            </line>
            <line number="45" hits="7" branch="False" />
            <line number="49" hits="0" branch="False" />
            <line number="50" hits="0" branch="False" />
            <line number="51" hits="0" branch="True" condition-coverage="0% (0/2)">
              <conditions>
                <condition number="76" type="jump" coverage="0%" />
              </conditions>
            </line>
            <line number="52" hits="0" branch="False" />
            <line number="53" hits="0" branch="True" condition-coverage="0% (0/4)">
              <conditions>
                <condition number="43" type="jump" coverage="0%" />
                <condition number="55" type="jump" coverage="0%" />
              </conditions>
            </line>
            <line number="54" hits="0" branch="False" />
            <line number="55" hits="0" branch="False" />
            <line number="56" hits="0" branch="True" condition-coverage="0% (0/2)">
              <conditions>
                <condition number="120" type="jump" coverage="0%" />
              </conditions>
            </line>
            <line number="57" hits="0" branch="False" />
            <line number="58" hits="0" branch="False" />
            <line number="59" hits="0" branch="False" />
            <line number="60" hits="0" branch="False" />
            <line number="63" hits="8" branch="False" />
            <line number="64" hits="44" branch="True" condition-coverage="100% (2/2)">
              <conditions>
                <condition number="45" type="jump" coverage="100%" />
              </conditions>
            </line>
            <line number="65" hits="19" branch="False" />
            <line number="66" hits="19" branch="True" condition-coverage="100% (2/2)">
              <conditions>
                <condition number="22" type="jump" coverage="100%" />
              </conditions>
            </line>
            <line number="67" hits="5" branch="False" />
            <line number="68" hits="5" branch="False" />
            <line number="70" hits="14" branch="False" />
            <line number="71" hits="3" branch="False" />
            <line number="72" hits="8" branch="False" />
          </lines>
        </class>
        <class name="PhilterDesktop.CommandLineOptions" filename="CommandLineOptions.cs" line-rate="1" branch-rate="0.9323999999999999" complexity="74">
          <methods>
            <method name="get_IsCommandLine" signature="()" line-rate="1" branch-rate="1" complexity="2">
              <lines>
                <line number="47" hits="8" branch="True" condition-coverage="100% (2/2)">
                  <conditions>
                    <condition number="6" type="jump" coverage="100%" />
                  </conditions>
                </line>
              </lines>
            </method>
            <method name="Parse" signature="(System.String[])" line-rate="1" branch-rate="0.9305" complexity="72">
              <lines>
                <line number="55" hits="13" branch="False" />
                <line number="56" hits="13" branch="False" />
                <line number="58" hits="72" branch="True" condition-coverage="100% (2/2)">
                  <conditions>
                    <condition number="683" type="jump" coverage="100%" />
                  </conditions>
                </line>
                <line number="59" hits="23" branch="False" />
                <line number="60" hits="23" branch="False" />
                <line number="61" hits="23" branch="True" condition-coverage="92.42% (61/66)">
                  <conditions>
                    <condition number="45" type="jump" coverage="100%" />
                    <condition number="54" type="jump" coverage="100%" />
                    <condition number="63" type="jump" coverage="50%" />
                    <condition number="77" type="jump" coverage="100%" />
                    <condition number="108" type="jump" coverage="100%" />
                    <condition number="117" type="jump" coverage="50%" />
                    <condition number="148" type="jump" coverage="100%" />
                    <condition number="179" type="jump" coverage="100%" />
                    <condition number="188" type="jump" coverage="100%" />
                    <condition number="202" type="jump" coverage="50%" />
                    <condition number="233" type="jump" coverage="100%" />
                    <condition number="242" type="jump" coverage="100%" />
                    <condition number="273" type="jump" coverage="100%" />
                    <condition number="216" type="jump" coverage="100%" />
                    <condition number="256" type="jump" coverage="50%" />
                    <condition number="131" type="jump" coverage="50%" />
                    <condition number="91" type="jump" coverage="100%" />
                    <condition number="284" type="jump" coverage="100%" />
                    <condition number="162" type="jump" coverage="100%" />
                    <condition number="305" type="jump" coverage="100%" />
                    <condition number="326" type="jump" coverage="100%" />
                    <condition number="347" type="jump" coverage="100%" />
                    <condition number="368" type="jump" coverage="100%" />
                    <condition number="389" type="jump" coverage="100%" />
                    <condition number="410" type="jump" coverage="100%" />
                    <condition number="431" type="jump" coverage="100%" />
                    <condition number="452" type="jump" coverage="100%" />
                    <condition number="473" type="jump" coverage="100%" />
                    <condition number="494" type="jump" coverage="100%" />
                    <condition number="515" type="jump" coverage="100%" />
                    <condition number="533" type="jump" coverage="100%" />
                    <condition number="548" type="jump" coverage="100%" />
                    <condition number="563" type="jump" coverage="100%" />
                  </conditions>
                </line>
                <line number="66" hits="4" branch="True" condition-coverage="100% (2/2)">
                  <conditions>
                    <condition number="579" type="jump" coverage="100%" />
                  </conditions>
                </line>
                <line number="67" hits="3" branch="False" />
                <line number="68" hits="3" branch="False" />
                <line number="69" hits="3" branch="False" />
                <line number="70" hits="4" branch="False" />
                <line number="75" hits="3" branch="True" condition-coverage="100% (2/2)">
                  <conditions>
                    <condition number="611" type="jump" coverage="100%" />
                  </conditions>
                </line>
                <line number="76" hits="3" branch="False" />
                <line number="77" hits="3" branch="False" />
                <line number="78" hits="3" branch="False" />
                <line number="79" hits="3" branch="False" />
                <line number="85" hits="1" branch="False" />
                <line number="86" hits="1" branch="False" />
                <line number="90" hits="1" branch="False" />
                <line number="91" hits="1" branch="False" />
                <line number="96" hits="2" branch="False" />
                <line number="99" hits="12" branch="False" />
                <line number="100" hits="12" branch="False" />
                <line number="102" hits="23" branch="False" />
                <line number="104" hits="13" branch="False" />
                <line number="105" hits="13" branch="False" />
              </lines>
            </method>
          </methods>
          <lines>
            <line number="47" hits="8" branch="True" condition-coverage="100% (2/2)">
              <conditions>
                <condition number="6" type="jump" coverage="100%" />
              </conditions>
            </line>
            <line number="55" hits="13" branch="False" />
            <line number="56" hits="13" branch="False" />
            <line number="58" hits="72" branch="True" condition-coverage="100% (2/2)">
              <conditions>
                <condition number="683" type="jump" coverage="100%" />
              </conditions>
            </line>
            <line number="59" hits="23" branch="False" />
            <line number="60" hits="23" branch="False" />
            <line number="61" hits="23" branch="True" condition-coverage="92.42% (61/66)">
              <conditions>
                <condition number="45" type="jump" coverage="100%" />
                <condition number="54" type="jump" coverage="100%" />
                <condition number="63" type="jump" coverage="50%" />
                <condition number="77" type="jump" coverage="100%" />
                <condition number="108" type="jump" coverage="100%" />
                <condition number="117" type="jump" coverage="50%" />
                <condition number="148" type="jump" coverage="100%" />
                <condition number="179" type="jump" coverage="100%" />
                <condition number="188" type="jump" coverage="100%" />
                <condition number="202" type="jump" coverage="50%" />
                <condition number="233" type="jump" coverage="100%" />
                <condition number="242" type="jump" coverage="100%" />
                <condition number="273" type="jump" coverage="100%" />
                <condition number="216" type="jump" coverage="100%" />
                <condition number="256" type="jump" coverage="50%" />
                <condition number="131" type="jump" coverage="50%" />
                <condition number="91" type="jump" coverage="100%" />
                <condition number="284" type="jump" coverage="100%" />
                <condition number="162" type="jump" coverage="100%" />
                <condition number="305" type="jump" coverage="100%" />
                <condition number="326" type="jump" coverage="100%" />
                <condition number="347" type="jump" coverage="100%" />
                <condition number="368" type="jump" coverage="100%" />
                <condition number="389" type="jump" coverage="100%" />
                <condition number="410" type="jump" coverage="100%" />
                <condition number="431" type="jump" coverage="100%" />
                <condition number="452" type="jump" coverage="100%" />
                <condition number="473" type="jump" coverage="100%" />
                <condition number="494" type="jump" coverage="100%" />
                <condition number="515" type="jump" coverage="100%" />
                <condition number="533" type="jump" coverage="100%" />
                <condition number="548" type="jump" coverage="100%" />
                <condition number="563" type="jump" coverage="100%" />
              </conditions>
            </line>
            <line number="66" hits="4" branch="True" condition-coverage="100% (2/2)">
              <conditions>
                <condition number="579" type="jump" coverage="100%" />
              </conditions>
            </line>
            <line number="67" hits="3" branch="False" />
            <line number="68" hits="3" branch="False" />
            <line number="69" hits="3" branch="False" />
            <line number="70" hits="4" branch="False" />
            <line number="75" hits="3" branch="True" condition-coverage="100% (2/2)">
              <conditions>
                <condition number="611" type="jump" coverage="100%" />
              </conditions>
            </line>
            <line number="76" hits="3" branch="False" />
            <line number="77" hits="3" branch="False" />
            <line number="78" hits="3" branch="False" />
            <line number="79" hits="3" branch="False" />
            <line number="85" hits="1" branch="False" />
            <line number="86" hits="1" branch="False" />
            <line number="90" hits="1" branch="False" />
            <line number="91" hits="1" branch="False" />
            <line number="96" hits="2" branch="False" />
            <line number="99" hits="12" branch="False" />
            <line number="100" hits="12" branch="False" />
            <line number="102" hits="23" branch="False" />
            <line number="104" hits="13" branch="False" />
            <line number="105" hits="13" branch="False" />
          </lines>
        </class>
        <class name="PhilterDesktop.ContextMenuManager" filename="ContextMenuManager.cs" line-rate="1" branch-rate="0.9" complexity="13">
          <methods>
            <method name="CreateDefault" signature="()" line-rate="1" branch-rate="0.5" complexity="2">
              <lines>
                <line number="53" hits="2" branch="False" />
                <line number="54" hits="2" branch="True" condition-coverage="50% (1/2)">
                  <conditions>
                    <condition number="7" type="jump" coverage="50%" />
                  </conditions>
                </line>
                <line number="55" hits="2" branch="False" />
                <line number="56" hits="2" branch="False" />
              </lines>
            </method>
            <method name="KeyPath" signature="(System.String)" line-rate="1" branch-rate="1" complexity="1">
              <lines>
                <line number="59" hits="75" branch="False" />
              </lines>
            </method>
            <method name="IsEnabled" signature="()" line-rate="1" branch-rate="1" complexity="4">
              <lines>
                <line number="63" hits="6" branch="False" />
                <line number="64" hits="69" branch="True" condition-coverage="100% (2/2)">
                  <conditions>
                    <condition number="74" type="jump" coverage="100%" />
                  </conditions>
                </line>
                <line number="65" hits="27" branch="False" />
                <line number="66" hits="27" branch="False" />
                <line number="67" hits="27" branch="True" condition-coverage="100% (2/2)">
                  <conditions>
                    <condition number="44" type="jump" coverage="100%" />
                  </conditions>
                </line>
                <line number="68" hits="3" branch="False" />
                <line number="69" hits="3" branch="False" />
                <line number="71" hits="24" branch="False" />
                <line number="72" hits="3" branch="False" />
                <line number="73" hits="6" branch="False" />
              </lines>
            </method>
            <method name="Enable" signature="()" line-rate="1" branch-rate="1" complexity="2">
              <lines>
                <line number="77" hits="4" branch="False" />
                <line number="78" hits="76" branch="True" condition-coverage="100% (2/2)">
                  <conditions>
                    <condition number="147" type="jump" coverage="100%" />
                  </conditions>
                </line>
                <line number="79" hits="32" branch="False" />
                <line number="80" hits="32" branch="False" />
                <line number="81" hits="32" branch="False" />
                <line number="82" hits="32" branch="False" />
                <line number="83" hits="32" branch="False" />
                <line number="84" hits="32" branch="False" />
                <line number="85" hits="32" branch="False" />
                <line number="86" hits="4" branch="False" />
              </lines>
            </method>
            <method name="Disable" signature="()" line-rate="1" branch-rate="1" complexity="2">
              <lines>
                <line number="90" hits="2" branch="False" />
                <line number="91" hits="38" branch="True" condition-coverage="100% (2/2)">
                  <conditions>
                    <condition number="45" type="jump" coverage="100%" />
                  </conditions>
                </line>
                <line number="92" hits="16" branch="False" />
                <line number="93" hits="16" branch="False" />
                <line number="94" hits="16" branch="False" />
                <line number="95" hits="2" branch="False" />
              </lines>
            </method>
            <method name=".ctor" signature="(System.String,System.String,System.String)" line-rate="1" branch-rate="1" complexity="1">
              <lines>
                <line number="43" hits="7" branch="False" />
                <line number="44" hits="7" branch="False" />
                <line number="45" hits="7" branch="False" />
                <line number="46" hits="7" branch="False" />
                <line number="48" hits="7" branch="False" />
                <line number="49" hits="7" branch="False" />
              </lines>
            </method>
            <method name=".cctor" signature="()" line-rate="1" branch-rate="1" complexity="1">
              <lines>
                <line number="35" hits="1" branch="False" />
              </lines>
            </method>
          </methods>
          <lines>
            <line number="53" hits="2" branch="False" />
            <line number="54" hits="2" branch="True" condition-coverage="50% (1/2)">
              <conditions>
                <condition number="7" type="jump" coverage="50%" />
              </conditions>
            </line>
            <line number="55" hits="2" branch="False" />
            <line number="56" hits="2" branch="False" />
            <line number="59" hits="75" branch="False" />
            <line number="63" hits="6" branch="False" />
            <line number="64" hits="69" branch="True" condition-coverage="100% (2/2)">
              <conditions>
                <condition number="74" type="jump" coverage="100%" />
              </conditions>
            </line>
            <line number="65" hits="27" branch="False" />
            <line number="66" hits="27" branch="False" />
            <line number="67" hits="27" branch="True" condition-coverage="100% (2/2)">
              <conditions>
                <condition number="44" type="jump" coverage="100%" />
              </conditions>
            </line>
            <line number="68" hits="3" branch="False" />
            <line number="69" hits="3" branch="False" />
            <line number="71" hits="24" branch="False" />
            <line number="72" hits="3" branch="False" />
            <line number="73" hits="6" branch="False" />
            <line number="77" hits="4" branch="False" />
            <line number="78" hits="76" branch="True" condition-coverage="100% (2/2)">
              <conditions>
                <condition number="147" type="jump" coverage="100%" />
              </conditions>
            </line>
            <line number="79" hits="32" branch="False" />
            <line number="80" hits="32" branch="False" />
            <line number="81" hits="32" branch="False" />
            <line number="82" hits="32" branch="False" />
            <line number="83" hits="32" branch="False" />
            <line number="84" hits="32" branch="False" />
            <line number="85" hits="32" branch="False" />
            <line number="86" hits="4" branch="False" />
            <line number="90" hits="2" branch="False" />
            <line number="91" hits="38" branch="True" condition-coverage="100% (2/2)">
              <conditions>
                <condition number="45" type="jump" coverage="100%" />
              </conditions>
            </line>
            <line number="92" hits="16" branch="False" />
            <line number="93" hits="16" branch="False" />
            <line number="94" hits="16" branch="False" />
            <line number="95" hits="2" branch="False" />
            <line number="43" hits="7" branch="False" />
            <line number="44" hits="7" branch="False" />
            <line number="45" hits="7" branch="False" />
            <line number="46" hits="7" branch="False" />
            <line number="48" hits="7" branch="False" />
            <line number="49" hits="7" branch="False" />
            <line number="35" hits="1" branch="False" />
          </lines>
        </class>
        <class name="PhilterDesktop.CsvRedactor" filename="CsvRedactor.cs" line-rate="0.9269" branch-rate="0.8" complexity="90">
          <methods>
            <method name="Redact" signature="(System.String,System.String,System.Func`2&lt;System.String,Phileas.Model.TextFilterResult&gt;,System.Collections.Generic.IReadOnlyCollection`1&lt;System.Int32&gt;)" line-rate="0.9677" branch-rate="0.9166" complexity="24">
              <lines>
                <line number="46" hits="9" branch="False" />
                <line number="47" hits="9" branch="True" condition-coverage="100% (4/4)">
                  <conditions>
                    <condition number="2" type="jump" coverage="100%" />
                    <condition number="11" type="jump" coverage="100%" />
                  </conditions>
                </line>
                <line number="48" hits="9" branch="False" />
                <line number="49" hits="9" branch="False" />
                <line number="51" hits="9" branch="False" />
                <line number="53" hits="9" branch="False" />
                <line number="54" hits="9" branch="False" />
                <line number="55" hits="9" branch="False" />
                <line number="57" hits="60" branch="True" condition-coverage="100% (2/2)">
                  <conditions>
                    <condition number="683" type="jump" coverage="100%" />
                  </conditions>
                </line>
                <line number="58" hits="21" branch="False" />
                <line number="59" hits="21" branch="False" />
                <line number="60" hits="128" branch="True" condition-coverage="100% (2/2)">
                  <conditions>
                    <condition number="657" type="jump" coverage="100%" />
                  </conditions>
                </line>
                <line number="61" hits="43" branch="False" />
                <line number="62" hits="43" branch="False" />
                <line number="63" hits="43" branch="False" />
                <line number="64" hits="43" branch="True" condition-coverage="50% (1/2)">
                  <conditions>
                    <condition number="120" type="jump" coverage="50%" />
                  </conditions>
                </line>
                <line number="65" hits="0" branch="False" />
                <line number="66" hits="0" branch="False" />
                <line number="69" hits="43" branch="True" condition-coverage="100% (2/2)">
                  <conditions>
                    <condition number="142" type="jump" coverage="100%" />
                  </conditions>
                </line>
                <line number="70" hits="6" branch="False" />
                <line number="71" hits="6" branch="True" condition-coverage="100% (2/2)">
                  <conditions>
                    <condition number="157" type="jump" coverage="100%" />
                  </conditions>
                </line>
                <line number="72" hits="2" branch="False" />
                <line number="73" hits="2" branch="False" />
                <line number="75" hits="4" branch="False" />
                <line number="76" hits="4" branch="False" />
                <line number="77" hits="4" branch="False" />
                <line number="78" hits="4" branch="False" />
                <line number="79" hits="4" branch="False" />
                <line number="80" hits="4" branch="False" />
                <line number="81" hits="4" branch="False" />
                <line number="82" hits="4" branch="False" />
                <line number="83" hits="4" branch="False" />
                <line number="84" hits="4" branch="False" />
                <line number="85" hits="4" branch="False" />
                <line number="86" hits="4" branch="False" />
                <line number="89" hits="37" branch="False" />
                <line number="90" hits="37" branch="True" condition-coverage="100% (2/2)">
                  <conditions>
                    <condition number="319" type="jump" coverage="100%" />
                  </conditions>
                </line>
                <line number="91" hits="26" branch="False" />
                <line number="92" hits="26" branch="False" />
                <line number="95" hits="11" branch="False" />
                <line number="96" hits="55" branch="True" condition-coverage="100% (4/4)">
                  <conditions>
                    <condition number="355" type="jump" coverage="100%" />
                    <condition number="618" type="jump" coverage="100%" />
                  </conditions>
                </line>
                <line number="97" hits="11" branch="False" />
                <line number="98" hits="11" branch="False" />
                <line number="99" hits="11" branch="False" />
                <line number="100" hits="11" branch="True" condition-coverage="75% (3/4)">
                  <conditions>
                    <condition number="552" type="jump" coverage="50%" />
                    <condition number="575" type="jump" coverage="100%" />
                  </conditions>
                </line>
                <line number="101" hits="11" branch="False" />
                <line number="102" hits="11" branch="False" />
                <line number="103" hits="11" branch="False" />
                <line number="104" hits="11" branch="False" />
                <line number="105" hits="11" branch="False" />
                <line number="106" hits="11" branch="False" />
                <line number="107" hits="11" branch="False" />
                <line number="108" hits="11" branch="False" />
                <line number="109" hits="11" branch="False" />
                <line number="110" hits="11" branch="False" />
                <line number="111" hits="11" branch="False" />
                <line number="112" hits="11" branch="False" />
                <line number="113" hits="11" branch="False" />
                <line number="114" hits="21" branch="False" />
                <line number="116" hits="9" branch="False" />
                <line number="117" hits="9" branch="False" />
                <line number="118" hits="9" branch="False" />
              </lines>
            </method>
            <method name="ApplySpans" signature="(System.String,System.String,System.Collections.Generic.IReadOnlyList`1&lt;PhilterData.RedactionSpanEntity&gt;)" line-rate="1" branch-rate="0.8" complexity="20">
              <lines>
                <line number="121" hits="1" branch="False" />
                <line number="122" hits="1" branch="False" />
                <line number="123" hits="1" branch="False" />
                <line number="124" hits="1" branch="False" />
                <line number="126" hits="1" branch="False" />
                <line number="128" hits="1" branch="False" />
                <line number="129" hits="7" branch="True" condition-coverage="100% (2/2)">
                  <conditions>
                    <condition number="445" type="jump" coverage="100%" />
                  </conditions>
                </line>
                <line number="130" hits="2" branch="False" />
                <line number="131" hits="8" branch="True" condition-coverage="100% (2/2)">
                  <conditions>
                    <condition number="432" type="jump" coverage="100%" />
                  </conditions>
                </line>
                <line number="132" hits="2" branch="False" />
                <line number="133" hits="2" branch="False" />
                <line number="134" hits="2" branch="False" />
                <line number="135" hits="2" branch="True" condition-coverage="75% (3/4)">
                  <conditions>
                    <condition number="171" type="jump" coverage="50%" />
                    <condition number="193" type="jump" coverage="100%" />
                  </conditions>
                </line>
                <line number="136" hits="1" branch="False" />
                <line number="137" hits="1" branch="False" />
                <line number="140" hits="1" branch="False" />
                <line number="141" hits="5" branch="True" condition-coverage="100% (2/2)">
                  <conditions>
                    <condition number="350" type="jump" coverage="100%" />
                  </conditions>
                </line>
                <line number="142" hits="1" branch="False" />
                <line number="143" hits="1" branch="True" condition-coverage="66.66% (4/6)">
                  <conditions>
                    <condition number="238" type="jump" coverage="50%" />
                    <condition number="254" type="jump" coverage="50%" />
                    <condition number="279" type="jump" coverage="100%" />
                  </conditions>
                </line>
                <line number="144" hits="1" branch="False" />
                <line number="145" hits="1" branch="True" condition-coverage="50% (1/2)">
                  <conditions>
                    <condition number="294" type="jump" coverage="50%" />
                  </conditions>
                </line>
                <line number="146" hits="1" branch="False" />
                <line number="147" hits="1" branch="False" />
                <line number="148" hits="1" branch="False" />
                <line number="150" hits="1" branch="False" />
                <line number="151" hits="1" branch="True" condition-coverage="100% (2/2)">
                  <conditions>
                    <condition number="395" type="jump" coverage="100%" />
                  </conditions>
                </line>
                <line number="152" hits="1" branch="False" />
                <line number="153" hits="1" branch="False" />
                <line number="154" hits="1" branch="False" />
                <line number="155" hits="1" branch="False" />
                <line number="156" hits="2" branch="False" />
                <line number="158" hits="1" branch="False" />
                <line number="159" hits="1" branch="False" />
              </lines>
            </method>
            <method name="ReadColumns" signature="(System.String)" line-rate="0.8665999999999999" branch-rate="0.6666" complexity="6">
              <lines>
                <line number="163" hits="1" branch="False" />
                <line number="164" hits="1" branch="False" />
                <line number="165" hits="1" branch="False" />
                <line number="166" hits="1" branch="True" condition-coverage="50% (1/2)">
                  <conditions>
                    <condition number="29" type="jump" coverage="50%" />
                  </conditions>
                </line>
                <line number="167" hits="0" branch="False" />
                <line number="168" hits="0" branch="False" />
                <line number="171" hits="1" branch="False" />
                <line number="172" hits="1" branch="False" />
                <line number="173" hits="8" branch="True" condition-coverage="100% (2/2)">
                  <conditions>
                    <condition number="152" type="jump" coverage="100%" />
                  </conditions>
                </line>
                <line number="174" hits="3" branch="False" />
                <line number="175" hits="3" branch="True" condition-coverage="50% (1/2)">
                  <conditions>
                    <condition number="94" type="jump" coverage="50%" />
                  </conditions>
                </line>
                <line number="176" hits="3" branch="False" />
                <line number="177" hits="3" branch="False" />
                <line number="178" hits="1" branch="False" />
                <line number="179" hits="1" branch="False" />
              </lines>
            </method>
            <method name="ReadRows" signature="(System.String,System.String&amp;)" line-rate="1" branch-rate="0.6666" complexity="6">
              <lines>
                <line number="184" hits="11" branch="False" />
                <line number="185" hits="11" branch="False" />
                <line number="186" hits="11" branch="False" />
                <line number="187" hits="11" branch="False" />
                <line number="188" hits="11" branch="False" />
                <line number="189" hits="11" branch="False" />
                <line number="190" hits="11" branch="False" />
                <line number="192" hits="11" branch="False" />
                <line number="193" hits="11" branch="False" />
                <line number="195" hits="11" branch="False" />
                <line number="196" hits="11" branch="False" />
                <line number="197" hits="36" branch="True" condition-coverage="100% (2/2)">
                  <conditions>
                    <condition number="109" type="jump" coverage="100%" />
                  </conditions>
                </line>
                <line number="198" hits="25" branch="False" />
                <line number="199" hits="25" branch="False" />
                <line number="200" hits="25" branch="True" condition-coverage="50% (1/2)">
                  <conditions>
                    <condition number="84" type="jump" coverage="50%" />
                  </conditions>
                </line>
                <line number="201" hits="25" branch="False" />
                <line number="202" hits="11" branch="True" condition-coverage="50% (1/2)">
                  <conditions>
                    <condition number="119" type="jump" coverage="50%" />
                  </conditions>
                </line>
                <line number="203" hits="11" branch="False" />
                <line number="204" hits="11" branch="False" />
              </lines>
            </method>
[...]
                <line number="39" hits="1" branch="False" />
                <line number="42" hits="335" branch="True" condition-coverage="100% (2/2)">
                  <conditions>
                    <condition number="292" type="jump" coverage="100%" />
                  </conditions>
                </line>
                <line number="43" hits="160" branch="False" />
                <line number="44" hits="160" branch="True" condition-coverage="100% (2/2)">
                  <conditions>
                    <condition number="87" type="jump" coverage="100%" />
                  </conditions>
                </line>
                <line number="45" hits="25" branch="False" />
                <line number="46" hits="25" branch="False" />
                <line number="49" hits="135" branch="False" />
                <line number="50" hits="135" branch="True" condition-coverage="100% (2/2)">
                  <conditions>
                    <condition number="119" type="jump" coverage="100%" />
                  </conditions>
                </line>
                <line number="51" hits="132" branch="False" />
                <line number="52" hits="132" branch="False" />
                <line number="55" hits="3" branch="False" />
                <line number="56" hits="3" branch="True" condition-coverage="50% (1/2)">
                  <conditions>
                    <condition number="155" type="jump" coverage="50%" />
                  </conditions>
                </line>
                <line number="57" hits="0" branch="False" />
                <line number="58" hits="0" branch="False" />
                <line number="61" hits="3" branch="True" condition-coverage="100% (4/4)">
                  <conditions>
                    <condition number="178" type="jump" coverage="100%" />
                    <condition number="197" type="jump" coverage="100%" />
                  </conditions>
                </line>
                <line number="62" hits="1" branch="False" />
                <line number="63" hits="1" branch="False" />
                <line number="66" hits="2" branch="False" />
                <line number="67" hits="2" branch="False" />
                <line number="68" hits="2" branch="False" />
                <line number="69" hits="2" branch="False" />
                <line number="70" hits="2" branch="False" />
                <line number="73" hits="5" branch="True" condition-coverage="100% (2/2)">
                  <conditions>
                    <condition number="317" type="jump" coverage="100%" />
                  </conditions>
                </line>
                <line number="74" hits="1" branch="False" />
                <line number="75" hits="5" branch="True" condition-coverage="100% (2/2)">
                  <conditions>
                    <condition number="409" type="jump" coverage="100%" />
                  </conditions>
                </line>
                <line number="76" hits="1" branch="False" />
                <line number="77" hits="1" branch="True" condition-coverage="75% (3/4)">
                  <conditions>
                    <condition number="348" type="jump" coverage="50%" />
                    <condition number="372" type="jump" coverage="100%" />
                  </conditions>
                </line>
                <line number="78" hits="1" branch="False" />
                <line number="79" hits="1" branch="False" />
                <line number="80" hits="1" branch="False" />
                <line number="81" hits="1" branch="False" />
                <line number="82" hits="1" branch="False" />
                <line number="83" hits="6" branch="False" />
              </lines>
            </method>
          </methods>
          <lines>
            <line number="36" hits="6" branch="False" />
            <line number="37" hits="6" branch="True" condition-coverage="100% (4/4)">
              <conditions>
                <condition number="2" type="jump" coverage="100%" />
                <condition number="18" type="jump" coverage="100%" />
              </conditions>
            </line>
            <line number="38" hits="1" branch="False" />
            <line number="39" hits="1" branch="False" />
            <line number="42" hits="335" branch="True" condition-coverage="100% (2/2)">
              <conditions>
                <condition number="292" type="jump" coverage="100%" />
              </conditions>
            </line>
            <line number="43" hits="160" branch="False" />
            <line number="44" hits="160" branch="True" condition-coverage="100% (2/2)">
              <conditions>
                <condition number="87" type="jump" coverage="100%" />
              </conditions>
            </line>
            <line number="45" hits="25" branch="False" />
            <line number="46" hits="25" branch="False" />
            <line number="49" hits="135" branch="False" />
            <line number="50" hits="135" branch="True" condition-coverage="100% (2/2)">
              <conditions>
                <condition number="119" type="jump" coverage="100%" />
              </conditions>
            </line>
            <line number="51" hits="132" branch="False" />
            <line number="52" hits="132" branch="False" />
            <line number="55" hits="3" branch="False" />
            <line number="56" hits="3" branch="True" condition-coverage="50% (1/2)">
              <conditions>
                <condition number="155" type="jump" coverage="50%" />
              </conditions>
            </line>
            <line number="57" hits="0" branch="False" />
            <line number="58" hits="0" branch="False" />
            <line number="61" hits="3" branch="True" condition-coverage="100% (4/4)">
              <conditions>
                <condition number="178" type="jump" coverage="100%" />
                <condition number="197" type="jump" coverage="100%" />
              </conditions>
            </line>
            <line number="62" hits="1" branch="False" />
            <line number="63" hits="1" branch="False" />
            <line number="66" hits="2" branch="False" />
            <line number="67" hits="2" branch="False" />
            <line number="68" hits="2" branch="False" />
            <line number="69" hits="2" branch="False" />
            <line number="70" hits="2" branch="False" />
            <line number="73" hits="5" branch="True" condition-coverage="100% (2/2)">
              <conditions>
                <condition number="317" type="jump" coverage="100%" />
              </conditions>
            </line>
            <line number="74" hits="1" branch="False" />
            <line number="75" hits="5" branch="True" condition-coverage="100% (2/2)">
              <conditions>
                <condition number="409" type="jump" coverage="100%" />
              </conditions>
            </line>
            <line number="76" hits="1" branch="False" />
            <line number="77" hits="1" branch="True" condition-coverage="75% (3/4)">
              <conditions>
                <condition number="348" type="jump" coverage="50%" />
                <condition number="372" type="jump" coverage="100%" />
              </conditions>
            </line>
            <line number="78" hits="1" branch="False" />
            <line number="79" hits="1" branch="False" />
            <line number="80" hits="1" branch="False" />
            <line number="81" hits="1" branch="False" />
            <line number="82" hits="1" branch="False" />
            <line number="83" hits="6" branch="False" />
          </lines>
        </class>
        <class name="PhilterDesktop.PolicyEditing.PolicyWizard" filename="PolicyEditing\PolicyWizard.cs" line-rate="0.8687999999999999" branch-rate="0.75" complexity="24">
          <methods>
            <method name="BuildJson" signature="(System.String,System.Collections.Generic.IEnumerable`1&lt;System.String&gt;,System.Boolean,PhilterDesktop.PolicyEditing.PolicyWizard/ReplacementStyle)" line-rate="0.9" branch-rate="0.75" complexity="8">
              <lines>
                <line number="52" hits="4" branch="False" />
                <line number="53" hits="4" branch="False" />
                <line number="55" hits="20" branch="True" condition-coverage="100% (2/2)">
                  <conditions>
                    <condition number="150" type="jump" coverage="100%" />
                  </conditions>
                </line>
                <line number="56" hits="4" branch="False" />
                <line number="57" hits="4" branch="False" />
                <line number="58" hits="4" branch="True" condition-coverage="50% (2/4)">
                  <conditions>
                    <condition number="68" type="jump" coverage="50%" />
                    <condition number="101" type="jump" coverage="50%" />
                  </conditions>
                </line>
                <line number="59" hits="0" branch="False" />
                <line number="60" hits="0" branch="False" />
                <line number="62" hits="4" branch="False" />
                <line number="63" hits="4" branch="False" />
                <line number="64" hits="4" branch="False" />
                <line number="65" hits="4" branch="False" />
                <line number="67" hits="4" branch="True" condition-coverage="100% (2/2)">
                  <conditions>
                    <condition number="170" type="jump" coverage="100%" />
                  </conditions>
                </line>
                <line number="68" hits="2" branch="False" />
                <line number="69" hits="2" branch="False" />
                <line number="70" hits="2" branch="False" />
                <line number="71" hits="2" branch="False" />
                <line number="72" hits="2" branch="False" />
                <line number="74" hits="4" branch="False" />
                <line number="75" hits="4" branch="False" />
              </lines>
            </method>
            <method name="BaselineFrom" signature="(System.String)" line-rate="0.9047" branch-rate="0.8" complexity="10">
              <lines>
                <line number="82" hits="3" branch="False" />
                <line number="83" hits="3" branch="False" />
                <line number="84" hits="3" branch="False" />
                <line number="86" hits="3" branch="False" />
                <line number="87" hits="3" branch="True" condition-coverage="100% (2/2)">
                  <conditions>
                    <condition number="58" type="jump" coverage="100%" />
                  </conditions>
                </line>
                <line number="88" hits="1" branch="False" />
                <line number="89" hits="1" branch="False" />
                <line number="92" hits="2" branch="False" />
                <line number="93" hits="2" branch="True" condition-coverage="50% (1/2)">
                  <conditions>
                    <condition number="107" type="jump" coverage="50%" />
                  </conditions>
                </line>
                <line number="94" hits="0" branch="False" />
                <line number="95" hits="0" branch="False" />
                <line number="98" hits="114" branch="True" condition-coverage="100% (2/2)">
                  <conditions>
                    <condition number="204" type="jump" coverage="100%" />
                  </conditions>
                </line>
                <line number="99" hits="54" branch="False" />
                <line number="100" hits="54" branch="True" condition-coverage="100% (2/2)">
                  <conditions>
                    <condition number="178" type="jump" coverage="100%" />
                  </conditions>
                </line>
                <line number="101" hits="30" branch="False" />
                <line number="102" hits="30" branch="False" />
                <line number="103" hits="30" branch="False" />
                <line number="104" hits="54" branch="False" />
                <line number="105" hits="2" branch="True" condition-coverage="50% (1/2)">
                  <conditions>
                    <condition number="239" type="jump" coverage="50%" />
                  </conditions>
                </line>
                <line number="107" hits="2" branch="False" />
                <line number="108" hits="3" branch="False" />
              </lines>
            </method>
            <method name="ApplyStrategy" signature="(System.Object,PhilterDesktop.PolicyEditing.PolicyWizard/ReplacementStyle)" line-rate="0.8" branch-rate="0.6666" complexity="6">
              <lines>
                <line number="111" hits="6" branch="False" />
                <line number="112" hits="6" branch="False" />
                <line number="113" hits="6" branch="True" condition-coverage="50% (1/2)">
                  <conditions>
                    <condition number="26" type="jump" coverage="50%" />
                  </conditions>
                </line>
                <line number="114" hits="0" branch="False" />
                <line number="115" hits="0" branch="False" />
                <line number="118" hits="6" branch="False" />
                <line number="119" hits="6" branch="False" />
                <line number="121" hits="6" branch="True" condition-coverage="75% (3/4)">
                  <conditions>
                    <condition number="70" type="jump" coverage="100%" />
                    <condition number="77" type="jump" coverage="50%" />
                  </conditions>
                </line>
                <line number="124" hits="1" branch="False" />
                <line number="125" hits="1" branch="False" />
                <line number="126" hits="1" branch="False" />
                <line number="128" hits="0" branch="False" />
                <line number="129" hits="0" branch="False" />
                <line number="131" hits="5" branch="False" />
                <line number="132" hits="5" branch="False" />
                <line number="133" hits="5" branch="False" />
                <line number="136" hits="6" branch="False" />
                <line number="137" hits="6" branch="False" />
                <line number="138" hits="6" branch="False" />
                <line number="139" hits="6" branch="False" />
              </lines>
            </method>
          </methods>
          <lines>
            <line number="52" hits="4" branch="False" />
            <line number="53" hits="4" branch="False" />
            <line number="55" hits="20" branch="True" condition-coverage="100% (2/2)">
              <conditions>
                <condition number="150" type="jump" coverage="100%" />
              </conditions>
            </line>
            <line number="56" hits="4" branch="False" />
            <line number="57" hits="4" branch="False" />
            <line number="58" hits="4" branch="True" condition-coverage="50% (2/4)">
              <conditions>
                <condition number="68" type="jump" coverage="50%" />
                <condition number="101" type="jump" coverage="50%" />
              </conditions>
            </line>
            <line number="59" hits="0" branch="False" />
            <line number="60" hits="0" branch="False" />
            <line number="62" hits="4" branch="False" />
            <line number="63" hits="4" branch="False" />
            <line number="64" hits="4" branch="False" />
            <line number="65" hits="4" branch="False" />
            <line number="67" hits="4" branch="True" condition-coverage="100% (2/2)">
              <conditions>
                <condition number="170" type="jump" coverage="100%" />
              </conditions>
            </line>
            <line number="68" hits="2" branch="False" />
            <line number="69" hits="2" branch="False" />
            <line number="70" hits="2" branch="False" />
            <line number="71" hits="2" branch="False" />
            <line number="72" hits="2" branch="False" />
            <line number="74" hits="4" branch="False" />
            <line number="75" hits="4" branch="False" />
            <line number="82" hits="3" branch="False" />
            <line number="83" hits="3" branch="False" />
            <line number="84" hits="3" branch="False" />
            <line number="86" hits="3" branch="False" />
            <line number="87" hits="3" branch="True" condition-coverage="100% (2/2)">
              <conditions>
                <condition number="58" type="jump" coverage="100%" />
              </conditions>
            </line>
            <line number="88" hits="1" branch="False" />
            <line number="89" hits="1" branch="False" />
            <line number="92" hits="2" branch="False" />
            <line number="93" hits="2" branch="True" condition-coverage="50% (1/2)">
              <conditions>
                <condition number="107" type="jump" coverage="50%" />
              </conditions>
            </line>
            <line number="94" hits="0" branch="False" />
            <line number="95" hits="0" branch="False" />
            <line number="98" hits="114" branch="True" condition-coverage="100% (2/2)">
              <conditions>
                <condition number="204" type="jump" coverage="100%" />
              </conditions>
            </line>
            <line number="99" hits="54" branch="False" />
            <line number="100" hits="54" branch="True" condition-coverage="100% (2/2)">
              <conditions>
                <condition number="178" type="jump" coverage="100%" />
              </conditions>
            </line>
            <line number="101" hits="30" branch="False" />
            <line number="102" hits="30" branch="False" />
            <line number="103" hits="30" branch="False" />
            <line number="104" hits="54" branch="False" />
            <line number="105" hits="2" branch="True" condition-coverage="50% (1/2)">
              <conditions>
                <condition number="239" type="jump" coverage="50%" />
              </conditions>
            </line>
            <line number="107" hits="2" branch="False" />
            <line number="108" hits="3" branch="False" />
            <line number="111" hits="6" branch="False" />
            <line number="112" hits="6" branch="False" />
            <line number="113" hits="6" branch="True" condition-coverage="50% (1/2)">
              <conditions>
                <condition number="26" type="jump" coverage="50%" />
              </conditions>
            </line>
            <line number="114" hits="0" branch="False" />
            <line number="115" hits="0" branch="False" />
            <line number="118" hits="6" branch="False" />
            <line number="119" hits="6" branch="False" />
            <line number="121" hits="6" branch="True" condition-coverage="75% (3/4)">
              <conditions>
                <condition number="70" type="jump" coverage="100%" />
                <condition number="77" type="jump" coverage="50%" />
              </conditions>
            </line>
            <line number="124" hits="1" branch="False" />
            <line number="125" hits="1" branch="False" />
            <line number="126" hits="1" branch="False" />
            <line number="128" hits="0" branch="False" />
            <line number="129" hits="0" branch="False" />
            <line number="131" hits="5" branch="False" />
            <line number="132" hits="5" branch="False" />
            <line number="133" hits="5" branch="False" />
            <line number="136" hits="6" branch="False" />
            <line number="137" hits="6" branch="False" />
            <line number="138" hits="6" branch="False" />
            <line number="139" hits="6" branch="False" />
          </lines>
        </class>
      </classes>
    </package>
  </packages>
</coverage>